# JRE version: Java(TM) SE Runtime Environment (21.0.3+7) (build 21.0.3+7-LTS-152)
# Java VM: Java HotSpot(TM) 64-Bit Server VM (21.0.3+7-LTS-152, mixed mode, sharing, tiered, compressed oops, compressed class ptrs, g1 gc, windows-amd64)
GC Precious Log:
 CardTable entry size: 512
 Card Set container configuration: InlinePtr #cards 5 size 8 Array Of Cards #cards 12 size 40 Howl #buckets 4 coarsen threshold 1843 Howl Bitmap #cards 512 size 80 coarsen threshold 460 Card regions per heap region 1 cards per card region 2048
 CPUs: 8 total, 8 available
 Memory: 7959M
 Large Page Support: Disabled
 NUMA Support: Disabled
 Compressed Oops: Enabled (32-bit)
 Heap Region Size: 1M
 Heap Min Capacity: 8M
 Heap Initial Capacity: 126M
 Heap Max Capacity: 1990M
 Pre-touch: Disabled
 Parallel Workers: 8
 Concurrent Workers: 2
 Concurrent Refinement Workers: 8
 Periodic GC: Disabled
Heap:
 garbage-first heap   total 65536K, used 47824K [0x0000000083a00000, 0x0000000100000000)
  region size 1024K, 31 young (31744K), 3 survivors (3072K)
 Metaspace       used 33810K, committed 34304K, reserved 1114112K
  class space    used 4285K, committed 4480K, reserved 1048576K
GC Heap History (10 events):
Event: 1.086 GC heap before
{Heap before GC invocations=0 (full 0):
 garbage-first heap   total 129024K, used 23552K [0x0000000083a00000, 0x0000000100000000)
  region size 1024K, 23 young (23552K), 0 survivors (0K)
 Metaspace       used 6368K, committed 6656K, reserved 1114112K
  class space    used 702K, committed 832K, reserved 1048576K
}
Event: 1.096 GC heap after
{Heap after GC invocations=1 (full 0):
 garbage-first heap   total 129024K, used 9301K [0x0000000083a00000, 0x0000000100000000)
  region size 1024K, 3 young (3072K), 3 survivors (3072K)
 Metaspace       used 6368K, committed 6656K, reserved 1114112K
  class space    used 702K, committed 832K, reserved 1048576K
}
Event: 1.909 GC heap before
{Heap before GC invocations=1 (full 0):
 garbage-first heap   total 129024K, used 34901K [0x0000000083a00000, 0x0000000100000000)
  region size 1024K, 29 young (29696K), 3 survivors (3072K)
 Metaspace       used 12862K, committed 13120K, reserved 1114112K
  class space    used 1671K, committed 1792K, reserved 1048576K
}
Event: 1.916 GC heap after
{Heap after GC invocations=2 (full 0):
 garbage-first heap   total 129024K, used 11792K [0x0000000083a00000, 0x0000000100000000)
  region size 1024K, 3 young (3072K), 3 survivors (3072K)
 Metaspace       used 12862K, committed 13120K, reserved 1114112K
  class space    used 1671K, committed 1792K, reserved 1048576K
}
Event: 2.607 GC heap before
{Heap before GC invocations=2 (full 0):
 garbage-first heap   total 129024K, used 50704K [0x0000000083a00000, 0x0000000100000000)
  region size 1024K, 43 young (44032K), 3 survivors (3072K)
 Metaspace       used 21198K, committed 21504K, reserved 1114112K
  class space    used 2644K, committed 2816K, reserved 1048576K
}
Event: 2.616 GC heap after
{Heap after GC invocations=3 (full 0):
 garbage-first heap   total 129024K, used 16089K [0x0000000083a00000, 0x0000000100000000)
  region size 1024K, 7 young (7168K), 7 survivors (7168K)
 Metaspace       used 21198K, committed 21504K, reserved 1114112K
  class space    used 2644K, committed 2816K, reserved 1048576K
}
Event: 3.810 GC heap before
{Heap before GC invocations=4 (full 0):
 garbage-first heap   total 65536K, used 47833K [0x0000000083a00000, 0x0000000100000000)
  region size 1024K, 38 young (38912K), 7 survivors (7168K)
 Metaspace       used 24048K, committed 24448K, reserved 1114112K
  class space    used 3008K, committed 3200K, reserved 1048576K
}
Event: 3.824 GC heap after
{Heap after GC invocations=5 (full 0):
 garbage-first heap   total 65536K, used 18297K [0x0000000083a00000, 0x0000000100000000)
  region size 1024K, 4 young (4096K), 4 survivors (4096K)
 Metaspace       used 24048K, committed 24448K, reserved 1114112K
  class space    used 3008K, committed 3200K, reserved 1048576K
}
Event: 5.253 GC heap before
{Heap before GC invocations=5 (full 0):
 garbage-first heap   total 65536K, used 46969K [0x0000000083a00000, 0x0000000100000000)
  region size 1024K, 32 young (32768K), 4 survivors (4096K)
 Metaspace       used 27850K, committed 28160K, reserved 1114112K
  class space    used 3510K, committed 3648K, reserved 1048576K
}
Event: 5.268 GC heap after
{Heap after GC invocations=6 (full 0):
 garbage-first heap   total 65536K, used 20176K [0x0000000083a00000, 0x0000000100000000)
  region size 1024K, 3 young (3072K), 3 survivors (3072K)
 Metaspace       used 27850K, committed 28160K, reserved 1114112K
  class space    used 3510K, committed 3648K, reserved 1048576K
}

